#
# A fatal error has been detected by the Java Runtime Environment:
#
#  SIGSEGV (0xb) at pc=0x000000011a54e643, pid=36868, tid=47883
#
# JRE version: Java(TM) SE Runtime Environment (7.0_55-b13) (build 1.7.0_55-b13)
# Java VM: Java HotSpot(TM) 64-Bit Server VM (24.55-b03 mixed mode bsd-amd64 compressed oops)
# Problematic frame:
# C  [libboost_serialization.dylib+0xa643]  boost::serialization::typeid_system::extended_type_info_typeid_0::is_less_than(boost::serialization::extended_type_info const&) const+0x13
#
# Failed to write core dump. Core dumps have been disabled. To enable core dumping, try "ulimit -c unlimited" before starting Java again
#
# If you would like to submit a bug report, please visit:
#   http://bugreport.sun.com/bugreport/crash.jsp
# The crash happened outside the Java Virtual Machine in native code.
# See problematic frame for where to report the bug.
#

---------------  T H R E A D  ---------------

Current thread (0x00007feb11961800):  JavaThread "AWT-EventQueue-0" [_thread_in_native, id=47883, stack(0x000000011774f000,0x000000011784f000)]

siginfo:si_signo=SIGSEGV: si_errno=0, si_code=1 (SEGV_MAPERR), si_addr=0x0000000000000008

Registers:
RAX=0x000000011d106670, RBX=0x00007feb13a0f480, RCX=0x0000000000000000, RDX=0x00007fff78b641b8
RSP=0x00000001178490a0, RBP=0x00000001178490a0, RSI=0x000000011d106788, RDI=0x000000011d57f078
R8 =0x00000001178490e0, R9 =0x0000000000000840, R10=0xffffffffffffffff, R11=0x0000000000000246
R12=0x0000000117849108, R13=0x00007fff62dc5598, R14=0x000000011d57eef8, R15=0x000000011a577128
RIP=0x000000011a54e643, EFLAGS=0x0000000000010206, ERR=0x0000000000000004
  TRAPNO=0x000000000000000e

Top of Stack: (sp=0x00000001178490a0)
0x00000001178490a0:   00000001178490b0 000000011a54e348
0x00000001178490b0:   00000001178490f0 000000011a548616
0x00000001178490c0:   000000011a577120 000000011d57ef00
0x00000001178490d0:   000000011d57a240 00007fff62dc5598
0x00000001178490e0:   000000011d57eef8 000000011d57f1d0
0x00000001178490f0:   0000000117849110 000000011a5484b5
0x0000000117849100:   0000000117849130 000000011d57ef00
0x0000000117849110:   0000000117849130 000000011a55db3f
0x0000000117849120:   000000011d57efc0 000000011d57d768
0x0000000117849130:   0000000117849150 000000011d4aab61
0x0000000117849140:   000000011d57d768 000000011d57d758
0x0000000117849150:   0000000117849180 000000011d4b0ae5
0x0000000117849160:   0000000000000001 000000011d4b0880
0x0000000117849170:   00007feb115e3040 0000000000000005
0x0000000117849180:   00000001178491f0 00007fff62d9fceb
0x0000000117849190:   0000002717849210 0000000000000001
0x00000001178491a0:   000000011d4902e8 000000011d4905b0
0x00000001178491b0:   000000011d490420 00007fff62dc5660
0x00000001178491c0:   0000000000000021 00007feb115e3040
0x00000001178491d0:   00000001178492e0 000000000000bb0b
0x00000001178491e0:   00007fff62dc5598 00007fff62dccee8
0x00000001178491f0:   0000000117849210 00007fff62d9fe78
0x0000000117849200:   00007feb115e3040 0002295e835df511
0x0000000117849210:   0000000117849270 00007fff62d9c871
0x0000000117849220:   000000011784afe0 0000002d62dae70a
0x0000000117849230:   000000011784a740 00007fff62dc5598
0x0000000117849240:   000000010000bb0b 00007feb13a0cc10
0x0000000117849250:   00000001178492e0 000000000000bb0b
0x0000000117849260:   0000000000000003 00007feb115e3040
0x0000000117849270:   00000001178492d0 00007fff62d9c806
0x0000000117849280:   0000000106de6000 b100092813a0d201
0x0000000117849290:   000000011784a740 00007fff62dc5598 

Instructions: (pc=0x000000011a54e643)
0x000000011a54e623:   00 00 48 83 c4 08 5b 5d c3 90 90 90 90 55 48 89
0x000000011a54e633:   e5 30 c0 48 39 f7 74 13 48 8b 46 18 48 8b 4f 18
0x000000011a54e643:   48 8b 49 08 48 3b 48 08 0f 92 c0 5d c3 55 48 89
0x000000011a54e653:   e5 48 8b 46 18 48 8b 4f 18 48 8b 49 08 48 3b 48 

Register to memory mapping:

RAX=